<?xml version="1.0" encoding="UTF-8"?>
<!-- Generated by org.testng.reporters.JUnitReportReporter -->
<testsuite hostname="DESKTOP-5B2A0L0" failures="0" tests="1" name="restAPI.GetRequestSingleEmployee" time="7.036" errors="0" timestamp="11 Dec 2022 04:19:23 GMT" skipped="0">
  <testcase classname="restAPI.GetRequestSingleEmployee" name="test1" time="7.036"/>
</testsuite> <!-- restAPI.GetRequestSingleEmployee -->
