<?xml version="1.0" encoding="UTF-8"?>
<!-- Generated by org.testng.reporters.JUnitReportReporter -->
<testsuite hostname="DESKTOP-5B2A0L0" failures="0" tests="1" name="restAPI.EndToEndTest" time="28.929" errors="0" timestamp="12 Dec 2022 03:54:13 GMT" skipped="0">
  <testcase classname="restAPI.EndToEndTest" name="test1" time="28.929"/>
</testsuite> <!-- restAPI.EndToEndTest -->
